#
# There is insufficient memory for the Java Runtime Environment to continue.
# Native memory allocation (mmap) failed to map 71303168 bytes for committing reserved memory.
# Possible reasons:
#   The system is out of physical RAM or swap space
#   The process is running with CompressedOops enabled, and the Java Heap may be blocking the growth of the native heap
# Possible solutions:
#   Reduce memory load on the system
#   Increase physical memory or swap space
#   Check if swap backing store is full
#   Decrease Java heap size (-Xmx/-Xms)
#   Decrease number of Java threads
#   Decrease Java thread stack sizes (-Xss)
#   Set larger code cache with -XX:ReservedCodeCacheSize=
#   JVM is running with Unscaled Compressed Oops mode in which the Java heap is
#     placed in the first 4GB address space. The Java Heap base address is the
#     maximum limit for the native heap growth. Please use -XX:HeapBaseMinAddress
#     to set the Java Heap base and to place the Java Heap above 4GB virtual address.
# This output file may be truncated or incomplete.
#
#  Out of Memory Error (os_linux.cpp:2756), pid=30786, tid=0x00007f723a331700
#
# JRE version: OpenJDK Runtime Environment (8.0_212-b03) (build 1.8.0_212-8u212-b03-0ubuntu1.18.10.1-b03)
# Java VM: OpenJDK 64-Bit Server VM (25.212-b03 mixed mode linux-amd64 compressed oops)
# Failed to write core dump. Core dumps have been disabled. To enable core dumping, try "ulimit -c unlimited" before starting Java again
#

---------------  T H R E A D  ---------------

Current thread (0x00007f724c073800):  VMThread [stack: 0x00007f723a232000,0x00007f723a332000] [id=30790]

Stack: [0x00007f723a232000,0x00007f723a332000],  sp=0x00007f723a330470,  free space=1017k
Native frames: (J=compiled Java code, j=interpreted, Vv=VM code, C=native code)
V  [libjvm.so+0xa19db5]
V  [libjvm.so+0x4b12d7]
V  [libjvm.so+0x87ff28]
V  [libjvm.so+0x87764e]
V  [libjvm.so+0x8ef4ae]
V  [libjvm.so+0x8efd31]
V  [libjvm.so+0x8f055b]
V  [libjvm.so+0x8ed4d9]
V  [libjvm.so+0x8ed8dc]
V  [libjvm.so+0x8a11e9]
V  [libjvm.so+0xa1ba96]
V  [libjvm.so+0xa20ea6]
V  [libjvm.so+0xa1e977]
V  [libjvm.so+0xa1fc1c]
V  [libjvm.so+0xa1fe77]
V  [libjvm.so+0x87d3b2]

VM_Operation (0x00007f7250126440): ParallelGCFailedAllocation, mode: safepoint, requested by thread 0x00007f724c00a800


---------------  P R O C E S S  ---------------

Java Threads: ( => current thread )
  0x00007f724c0c4800 JavaThread "Service Thread" daemon [_thread_blocked, id=30796, stack(0x00007f7238e50000,0x00007f7238f51000)]
  0x00007f724c0b7800 JavaThread "C1 CompilerThread1" daemon [_thread_blocked, id=30795, stack(0x00007f7238f52000,0x00007f7239052000)]
  0x00007f724c0b4800 JavaThread "C2 CompilerThread0" daemon [_thread_blocked, id=30794, stack(0x00007f7239053000,0x00007f7239153000)]
  0x00007f724c0b3800 JavaThread "Signal Dispatcher" daemon [_thread_blocked, id=30793, stack(0x00007f7239153000,0x00007f7239254000)]
  0x00007f724c07f800 JavaThread "Finalizer" daemon [_thread_blocked, id=30792, stack(0x00007f723a02f000,0x00007f723a130000)]
  0x00007f724c07d000 JavaThread "Reference Handler" daemon [_thread_blocked, id=30791, stack(0x00007f723a130000,0x00007f723a231000)]
  0x00007f724c00a800 JavaThread "main" [_thread_blocked, id=30787, stack(0x00007f7250028000,0x00007f7250128000)]

Other Threads:
=>0x00007f724c073800 VMThread [stack: 0x00007f723a232000,0x00007f723a332000] [id=30790]
  0x00007f724c0cf000 WatcherThread [stack: 0x00007f7238d50000,0x00007f7238e50000] [id=30797]

VM state:at safepoint (normal execution)

VM Mutex/Monitor currently owned by a thread:  ([mutex/lock_event])
[0x00007f724c007a50] Threads_lock - owner thread: 0x00007f724c073800
[0x00007f724c007f50] Heap_lock - owner thread: 0x00007f724c00a800

heap address: 0x00000000e0c00000, size: 500 MB, Compressed Oops mode: 32-bit
Narrow klass base: 0x0000000000000000, Narrow klass shift: 3
Compressed class space size: 1073741824 Address: 0x0000000100000000

Heap:
 PSYoungGen      total 70656K, used 64K [0x00000000f5980000, 0x00000000f9f80000, 0x0000000100000000)
  eden space 69632K, 0% used [0x00000000f5980000,0x00000000f5980000,0x00000000f9d80000)
  from space 1024K, 6% used [0x00000000f9d80000,0x00000000f9d90000,0x00000000f9e80000)
  to   space 1024K, 0% used [0x00000000f9e80000,0x00000000f9e80000,0x00000000f9f80000)
 ParOldGen       total 22016K, used 460K [0x00000000e0c00000, 0x00000000e2180000, 0x00000000f5980000)
  object space 22016K, 2% used [0x00000000e0c00000,0x00000000e0c73070,0x00000000e2180000)
 Metaspace       used 3719K, capacity 4526K, committed 4864K, reserved 1056768K
  class space    used 397K, capacity 426K, committed 512K, reserved 1048576K

Card table byte_map: [0x00007f723cb01000,0x00007f723cbfc000] byte_map_base: 0x00007f723c3fb000

Marking Bits: (ParMarkBitMap*) 0x00007f72511023a0
 Begin Bits: [0x00007f723b8b8000, 0x00007f723c088000)
 End Bits:   [0x00007f723c088000, 0x00007f723c858000)

Polling page: 0x00007f725001c000

CodeCache: size=245760Kb used=1659Kb max_used=1671Kb free=244100Kb
 bounds [0x00007f723cfbc000, 0x00007f723d22c000, 0x00007f724bfbc000]
 total_blobs=487 nmethods=234 adapters=168
 compilation: enabled

Compilation events (10 events):
Event: 1,769 Thread 0x00007f724c0b4800 nmethod 230 0x00007f723d153150 code [0x00007f723d1532a0, 0x00007f723d1533f8]
Event: 1,811 Thread 0x00007f724c0b4800  231   !   4       java.nio.charset.CharsetDecoder::decode (287 bytes)
Event: 1,818 Thread 0x00007f724c0b4800 nmethod 231 0x00007f723d1554d0 code [0x00007f723d155660, 0x00007f723d155888]
Event: 1,818 Thread 0x00007f724c0b4800  232       4       sun.nio.cs.UTF_8$Decoder::decodeLoop (28 bytes)
Event: 1,821 Thread 0x00007f724c0b4800 nmethod 232 0x00007f723d155050 code [0x00007f723d1551c0, 0x00007f723d155308]
Event: 1,967 Thread 0x00007f724c0b4800  233       4       sun.security.action.GetPropertyAction::run (5 bytes)
Event: 2,031 Thread 0x00007f724c0b4800 nmethod 233 0x00007f723d15d6d0 code [0x00007f723d15d860, 0x00007f723d15dff8]
Event: 2,031 Thread 0x00007f724c0b4800  234       4       java.nio.ByteBuffer::<init> (45 bytes)
Event: 2,062 Thread 0x00007f724c0b4800 nmethod 234 0x00007f723d15d050 code [0x00007f723d15d1c0, 0x00007f723d15d3f8]
Event: 2,326 Thread 0x00007f724c0b4800  235   !   4       java.nio.charset.Charset::defaultCharset (65 bytes)

GC Heap History (10 events):
Event: 0,738 GC heap after
Heap after GC invocations=2 (full 0):
 PSYoungGen      total 18432K, used 480K [0x00000000f5980000, 0x00000000f6c80000, 0x0000000100000000)
  eden space 17408K, 0% used [0x00000000f5980000,0x00000000f5980000,0x00000000f6a80000)
  from space 1024K, 46% used [0x00000000f6b80000,0x00000000f6bf8000,0x00000000f6c80000)
  to   space 1024K, 0% used [0x00000000f6a80000,0x00000000f6a80000,0x00000000f6b80000)
 ParOldGen       total 22016K, used 8K [0x00000000e0c00000, 0x00000000e2180000, 0x00000000f5980000)
  object space 22016K, 0% used [0x00000000e0c00000,0x00000000e0c02000,0x00000000e2180000)
 Metaspace       used 3678K, capacity 4526K, committed 4864K, reserved 1056768K
  class space    used 397K, capacity 426K, committed 512K, reserved 1048576K
}
Event: 0,980 GC heap before
{Heap before GC invocations=3 (full 0):
 PSYoungGen      total 18432K, used 17888K [0x00000000f5980000, 0x00000000f6c80000, 0x0000000100000000)
  eden space 17408K, 100% used [0x00000000f5980000,0x00000000f6a80000,0x00000000f6a80000)
  from space 1024K, 46% used [0x00000000f6b80000,0x00000000f6bf8000,0x00000000f6c80000)
  to   space 1024K, 0% used [0x00000000f6a80000,0x00000000f6a80000,0x00000000f6b80000)
 ParOldGen       total 22016K, used 8K [0x00000000e0c00000, 0x00000000e2180000, 0x00000000f5980000)
  object space 22016K, 0% used [0x00000000e0c00000,0x00000000e0c02000,0x00000000e2180000)
 Metaspace       used 3719K, capacity 4526K, committed 4864K, reserved 1056768K
  class space    used 397K, capacity 426K, committed 512K, reserved 1048576K
Event: 0,984 GC heap after
Heap after GC invocations=3 (full 0):
 PSYoungGen      total 18432K, used 512K [0x00000000f5980000, 0x00000000f7d80000, 0x0000000100000000)
  eden space 17408K, 0% used [0x00000000f5980000,0x00000000f5980000,0x00000000f6a80000)
  from space 1024K, 50% used [0x00000000f6a80000,0x00000000f6b00000,0x00000000f6b80000)
  to   space 1024K, 0% used [0x00000000f7c80000,0x00000000f7c80000,0x00000000f7d80000)
 ParOldGen       total 22016K, used 8K [0x00000000e0c00000, 0x00000000e2180000, 0x00000000f5980000)
  object space 22016K, 0% used [0x00000000e0c00000,0x00000000e0c02000,0x00000000e2180000)
 Metaspace       used 3719K, capacity 4526K, committed 4864K, reserved 1056768K
  class space    used 397K, capacity 426K, committed 512K, reserved 1048576K
}
Event: 1,218 GC heap before
{Heap before GC invocations=4 (full 0):
 PSYoungGen      total 18432K, used 17920K [0x00000000f5980000, 0x00000000f7d80000, 0x0000000100000000)
  eden space 17408K, 100% used [0x00000000f5980000,0x00000000f6a80000,0x00000000f6a80000)
  from space 1024K, 50% used [0x00000000f6a80000,0x00000000f6b00000,0x00000000f6b80000)
  to   space 1024K, 0% used [0x00000000f7c80000,0x00000000f7c80000,0x00000000f7d80000)
 ParOldGen       total 22016K, used 8K [0x00000000e0c00000, 0x00000000e2180000, 0x00000000f5980000)
  object space 22016K, 0% used [0x00000000e0c00000,0x00000000e0c02000,0x00000000e2180000)
 Metaspace       used 3719K, capacity 4526K, committed 4864K, reserved 1056768K
  class space    used 397K, capacity 426K, committed 512K, reserved 1048576K
Event: 1,222 GC heap after
Heap after GC invocations=4 (full 0):
 PSYoungGen      total 35840K, used 512K [0x00000000f5980000, 0x00000000f7d80000, 0x0000000100000000)
  eden space 34816K, 0% used [0x00000000f5980000,0x00000000f5980000,0x00000000f7b80000)
  from space 1024K, 50% used [0x00000000f7c80000,0x00000000f7d00000,0x00000000f7d80000)
  to   space 1024K, 0% used [0x00000000f7b80000,0x00000000f7b80000,0x00000000f7c80000)
 ParOldGen       total 22016K, used 8K [0x00000000e0c00000, 0x00000000e2180000, 0x00000000f5980000)
  object space 22016K, 0% used [0x00000000e0c00000,0x00000000e0c02000,0x00000000e2180000)
 Metaspace       used 3719K, capacity 4526K, committed 4864K, reserved 1056768K
  class space    used 397K, capacity 426K, committed 512K, reserved 1048576K
}
Event: 1,495 GC heap before
{Heap before GC invocations=5 (full 0):
 PSYoungGen      total 35840K, used 35328K [0x00000000f5980000, 0x00000000f7d80000, 0x0000000100000000)
  eden space 34816K, 100% used [0x00000000f5980000,0x00000000f7b80000,0x00000000f7b80000)
  from space 1024K, 50% used [0x00000000f7c80000,0x00000000f7d00000,0x00000000f7d80000)
  to   space 1024K, 0% used [0x00000000f7b80000,0x00000000f7b80000,0x00000000f7c80000)
 ParOldGen       total 22016K, used 8K [0x00000000e0c00000, 0x00000000e2180000, 0x00000000f5980000)
  object space 22016K, 0% used [0x00000000e0c00000,0x00000000e0c02000,0x00000000e2180000)
 Metaspace       used 3719K, capacity 4526K, committed 4864K, reserved 1056768K
  class space    used 397K, capacity 426K, committed 512K, reserved 1048576K
Event: 1,500 GC heap after
Heap after GC invocations=5 (full 0):
 PSYoungGen      total 35840K, used 480K [0x00000000f5980000, 0x00000000f9f80000, 0x0000000100000000)
  eden space 34816K, 0% used [0x00000000f5980000,0x00000000f5980000,0x00000000f7b80000)
  from space 1024K, 46% used [0x00000000f7b80000,0x00000000f7bf8000,0x00000000f7c80000)
  to   space 1024K, 0% used [0x00000000f9e80000,0x00000000f9e80000,0x00000000f9f80000)
 ParOldGen       total 22016K, used 16K [0x00000000e0c00000, 0x00000000e2180000, 0x00000000f5980000)
  object space 22016K, 0% used [0x00000000e0c00000,0x00000000e0c04000,0x00000000e2180000)
 Metaspace       used 3719K, capacity 4526K, committed 4864K, reserved 1056768K
  class space    used 397K, capacity 426K, committed 512K, reserved 1048576K
}
Event: 1,687 GC heap before
{Heap before GC invocations=6 (full 0):
 PSYoungGen      total 35840K, used 35296K [0x00000000f5980000, 0x00000000f9f80000, 0x0000000100000000)
  eden space 34816K, 100% used [0x00000000f5980000,0x00000000f7b80000,0x00000000f7b80000)
  from space 1024K, 46% used [0x00000000f7b80000,0x00000000f7bf8000,0x00000000f7c80000)
  to   space 1024K, 0% used [0x00000000f9e80000,0x00000000f9e80000,0x00000000f9f80000)
 ParOldGen       total 22016K, used 16K [0x00000000e0c00000, 0x00000000e2180000, 0x00000000f5980000)
  object space 22016K, 0% used [0x00000000e0c00000,0x00000000e0c04000,0x00000000e2180000)
 Metaspace       used 3719K, capacity 4526K, committed 4864K, reserved 1056768K
  class space    used 397K, capacity 426K, committed 512K, reserved 1048576K
Event: 1,692 GC heap after
Heap after GC invocations=6 (full 0):
 PSYoungGen      total 70656K, used 512K [0x00000000f5980000, 0x00000000f9f80000, 0x0000000100000000)
  eden space 69632K, 0% used [0x00000000f5980000,0x00000000f5980000,0x00000000f9d80000)
  from space 1024K, 50% used [0x00000000f9e80000,0x00000000f9f00000,0x00000000f9f80000)
  to   space 1024K, 0% used [0x00000000f9d80000,0x00000000f9d80000,0x00000000f9e80000)
 ParOldGen       total 22016K, used 16K [0x00000000e0c00000, 0x00000000e2180000, 0x00000000f5980000)
  object space 22016K, 0% used [0x00000000e0c00000,0x00000000e0c04000,0x00000000e2180000)
 Metaspace       used 3719K, capacity 4526K, committed 4864K, reserved 1056768K
  class space    used 397K, capacity 426K, committed 512K, reserved 1048576K
}
Event: 2,491 GC heap before
{Heap before GC invocations=7 (full 0):
 PSYoungGen      total 70656K, used 70144K [0x00000000f5980000, 0x00000000f9f80000, 0x0000000100000000)
  eden space 69632K, 100% used [0x00000000f5980000,0x00000000f9d80000,0x00000000f9d80000)
  from space 1024K, 50% used [0x00000000f9e80000,0x00000000f9f00000,0x00000000f9f80000)
  to   space 1024K, 0% used [0x00000000f9d80000,0x00000000f9d80000,0x00000000f9e80000)
 ParOldGen       total 22016K, used 16K [0x00000000e0c00000, 0x00000000e2180000, 0x00000000f5980000)
  object space 22016K, 0% used [0x00000000e0c00000,0x00000000e0c04000,0x00000000e2180000)
 Metaspace       used 3719K, capacity 4526K, committed 4864K, reserved 1056768K
  class space    used 397K, capacity 426K, committed 512K, reserved 1048576K

Deoptimization events (0 events):
No events

Classes redefined (0 events):
No events

Internal exceptions (10 events):
Event: 0,054 Thread 0x00007f724c00a800 Exception <a 'java/lang/NoSuchMethodError': Method sun.misc.Unsafe.prefetchRead(Ljava/lang/Object;J)V name or signature does not match> (0x00000000f5987f98) thrown at [/build/openjdk-8-gyaYyR/openjdk-8-8u212-b03/src/hotspot/src/share/vm/prims/jni.cpp, lin
Event: 0,136 Thread 0x00007f724c00a800 Exception <a 'java/util/zip/ZipException'> (0x00000000f59d9f50) thrown at [/build/openjdk-8-gyaYyR/openjdk-8-8u212-b03/src/hotspot/src/share/vm/prims/jni.cpp, line 710]
Event: 0,136 Thread 0x00007f724c00a800 Exception <a 'java/security/PrivilegedActionException'> (0x00000000f59da1f0) thrown at [/build/openjdk-8-gyaYyR/openjdk-8-8u212-b03/src/hotspot/src/share/vm/prims/jvm.cpp, line 1502]
Event: 0,137 Thread 0x00007f724c00a800 Exception <a 'java/security/PrivilegedActionException'> (0x00000000f59da400) thrown at [/build/openjdk-8-gyaYyR/openjdk-8-8u212-b03/src/hotspot/src/share/vm/prims/jvm.cpp, line 1502]
Event: 0,274 Thread 0x00007f724c00a800 Exception <a 'java/security/PrivilegedActionException'> (0x00000000f5a4bdd8) thrown at [/build/openjdk-8-gyaYyR/openjdk-8-8u212-b03/src/hotspot/src/share/vm/prims/jvm.cpp, line 1502]
Event: 0,274 Thread 0x00007f724c00a800 Exception <a 'java/security/PrivilegedActionException'> (0x00000000f5a4c1d0) thrown at [/build/openjdk-8-gyaYyR/openjdk-8-8u212-b03/src/hotspot/src/share/vm/prims/jvm.cpp, line 1502]
Event: 0,277 Thread 0x00007f724c00a800 Exception <a 'java/security/PrivilegedActionException'> (0x00000000f5a4e440) thrown at [/build/openjdk-8-gyaYyR/openjdk-8-8u212-b03/src/hotspot/src/share/vm/prims/jvm.cpp, line 1502]
Event: 0,277 Thread 0x00007f724c00a800 Exception <a 'java/security/PrivilegedActionException'> (0x00000000f5a4e838) thrown at [/build/openjdk-8-gyaYyR/openjdk-8-8u212-b03/src/hotspot/src/share/vm/prims/jvm.cpp, line 1502]
Event: 0,278 Thread 0x00007f724c00a800 Exception <a 'java/security/PrivilegedActionException'> (0x00000000f5a4f4f8) thrown at [/build/openjdk-8-gyaYyR/openjdk-8-8u212-b03/src/hotspot/src/share/vm/prims/jvm.cpp, line 1502]
Event: 0,278 Thread 0x00007f724c00a800 Exception <a 'java/security/PrivilegedActionException'> (0x00000000f5a4f8f0) thrown at [/build/openjdk-8-gyaYyR/openjdk-8-8u212-b03/src/hotspot/src/share/vm/prims/jvm.cpp, line 1502]

Events (10 events):
Event: 0,960 Thread 0x00007f724c00a800 DEOPT UNPACKING pc=0x00007f723d0034c4 sp=0x00007f72501260c0 mode 0
Event: 0,980 Executing VM operation: ParallelGCFailedAllocation
Event: 0,984 Executing VM operation: ParallelGCFailedAllocation done
Event: 1,218 Executing VM operation: ParallelGCFailedAllocation
Event: 1,222 Executing VM operation: ParallelGCFailedAllocation done
Event: 1,495 Executing VM operation: ParallelGCFailedAllocation
Event: 1,500 Executing VM operation: ParallelGCFailedAllocation done
Event: 1,687 Executing VM operation: ParallelGCFailedAllocation
Event: 1,692 Executing VM operation: ParallelGCFailedAllocation done
Event: 2,475 Executing VM operation: ParallelGCFailedAllocation


Dynamic libraries:
e0c00000-e2180000 rw-p 00000000 00:00 0 
e2180000-f5980000 ---p 00000000 00:00 0 
f5980000-f9f80000 rw-p 00000000 00:00 0 
fe380000-100000000 ---p 00000000 00:00 0 
100000000-100080000 rw-p 00000000 00:00 0 
100080000-140000000 ---p 00000000 00:00 0 
55f954345000-55f954346000 r--p 00000000 08:01 942051                     /usr/lib/jvm/java-8-openjdk-amd64/jre/bin/java
55f954346000-55f954347000 r-xp 00001000 08:01 942051                     /usr/lib/jvm/java-8-openjdk-amd64/jre/bin/java
55f954347000-55f954348000 r--p 00002000 08:01 942051                     /usr/lib/jvm/java-8-openjdk-amd64/jre/bin/java
55f954348000-55f954349000 r--p 00002000 08:01 942051                     /usr/lib/jvm/java-8-openjdk-amd64/jre/bin/java
55f954349000-55f95434a000 rw-p 00003000 08:01 942051                     /usr/lib/jvm/java-8-openjdk-amd64/jre/bin/java
55f955776000-55f955797000 rw-p 00000000 00:00 0                          [heap]
7f720c000000-7f720c021000 rw-p 00000000 00:00 0 
7f720c021000-7f7210000000 ---p 00000000 00:00 0 
7f7214000000-7f72141f0000 rw-p 00000000 00:00 0 
7f72141f0000-7f7218000000 ---p 00000000 00:00 0 
7f7218000000-7f7218021000 rw-p 00000000 00:00 0 
7f7218021000-7f721c000000 ---p 00000000 00:00 0 
7f721c000000-7f721c021000 rw-p 00000000 00:00 0 
7f721c021000-7f7220000000 ---p 00000000 00:00 0 
7f7220000000-7f72200f6000 rw-p 00000000 00:00 0 
7f72200f6000-7f7224000000 ---p 00000000 00:00 0 
7f7224000000-7f7224021000 rw-p 00000000 00:00 0 
7f7224021000-7f7228000000 ---p 00000000 00:00 0 
7f7228000000-7f7228021000 rw-p 00000000 00:00 0 
7f7228021000-7f722c000000 ---p 00000000 00:00 0 
7f722c000000-7f722c021000 rw-p 00000000 00:00 0 
7f722c021000-7f7230000000 ---p 00000000 00:00 0 
7f7230000000-7f7230021000 rw-p 00000000 00:00 0 
7f7230021000-7f7234000000 ---p 00000000 00:00 0 
7f7234000000-7f7234021000 rw-p 00000000 00:00 0 
7f7234021000-7f7238000000 ---p 00000000 00:00 0 
7f7238cb9000-7f7238cea000 rw-p 00000000 00:00 0 
7f7238cea000-7f7238cee000 r--p 00000000 08:01 942105                     /usr/lib/jvm/java-8-openjdk-amd64/jre/lib/amd64/libnet.so
7f7238cee000-7f7238cfd000 r-xp 00004000 08:01 942105                     /usr/lib/jvm/java-8-openjdk-amd64/jre/lib/amd64/libnet.so
7f7238cfd000-7f7238d01000 r--p 00013000 08:01 942105                     /usr/lib/jvm/java-8-openjdk-amd64/jre/lib/amd64/libnet.so
7f7238d01000-7f7238d02000 r--p 00016000 08:01 942105                     /usr/lib/jvm/java-8-openjdk-amd64/jre/lib/amd64/libnet.so
7f7238d02000-7f7238d03000 rw-p 00017000 08:01 942105                     /usr/lib/jvm/java-8-openjdk-amd64/jre/lib/amd64/libnet.so
7f7238d03000-7f7238d0d000 r--s 00116000 08:01 942128                     /usr/lib/jvm/java-8-openjdk-amd64/jre/lib/ext/localedata.jar
7f7238d0d000-7f7238d0f000 r--s 00001000 08:01 942125                     /usr/lib/jvm/java-8-openjdk-amd64/jre/lib/ext/dnsns.jar
7f7238d0f000-7f7238d14000 r--s 0003c000 08:01 942131                     /usr/lib/jvm/java-8-openjdk-amd64/jre/lib/ext/sunjce_provider.jar
7f7238d14000-7f7238d17000 r--s 00039000 08:01 942132                     /usr/lib/jvm/java-8-openjdk-amd64/jre/lib/ext/sunpkcs11.jar
7f7238d17000-7f7238d19000 r--s 00007000 08:01 135256                     /usr/share/java/java-atk-wrapper.jar
7f7238d19000-7f7238d34000 r--s 001d6000 08:01 942129                     /usr/lib/jvm/java-8-openjdk-amd64/jre/lib/ext/nashorn.jar
7f7238d34000-7f7238d4f000 r--s 00394000 08:01 942124                     /usr/lib/jvm/java-8-openjdk-amd64/jre/lib/ext/cldrdata.jar
7f7238d4f000-7f7238d50000 ---p 00000000 00:00 0 
7f7238d50000-7f7238e50000 rw-p 00000000 00:00 0 
7f7238e50000-7f7238e53000 ---p 00000000 00:00 0 
7f7238e53000-7f7238f51000 rw-p 00000000 00:00 0 
7f7238f51000-7f7238f52000 ---p 00000000 00:00 0 
7f7238f52000-7f7238f55000 ---p 00000000 00:00 0 
7f7238f55000-7f7239052000 rw-p 00000000 00:00 0 
7f7239052000-7f7239053000 ---p 00000000 00:00 0 
7f7239053000-7f7239056000 ---p 00000000 00:00 0 
7f7239056000-7f7239153000 rw-p 00000000 00:00 0 
7f7239153000-7f7239156000 ---p 00000000 00:00 0 
7f7239156000-7f7239254000 rw-p 00000000 00:00 0 
7f7239254000-7f723a02f000 r--p 00000000 08:01 924351                     /usr/lib/locale/locale-archive
7f723a02f000-7f723a032000 ---p 00000000 00:00 0 
7f723a032000-7f723a130000 rw-p 00000000 00:00 0 
7f723a130000-7f723a133000 ---p 00000000 00:00 0 
7f723a133000-7f723a231000 rw-p 00000000 00:00 0 
7f723a231000-7f723a232000 ---p 00000000 00:00 0 
7f723a232000-7f723acec000 rw-p 00000000 00:00 0 
7f723acec000-7f723aebb000 r--s 03c3b000 08:01 942150                     /usr/lib/jvm/java-8-openjdk-amd64/jre/lib/rt.jar
7f723aebb000-7f723b3f4000 rw-p 00000000 00:00 0 
7f723b3f4000-7f723b7b4000 ---p 00000000 00:00 0 
7f723b7b4000-7f723c858000 rw-p 00000000 00:00 0 
7f723c858000-7f723c859000 ---p 00000000 00:00 0 
7f723c859000-7f723c959000 rw-p 00000000 00:00 0 
7f723c959000-7f723c95a000 ---p 00000000 00:00 0 
7f723c95a000-7f723ca65000 rw-p 00000000 00:00 0 
7f723ca65000-7f723cb01000 ---p 00000000 00:00 0 
7f723cb01000-7f723cb0c000 rw-p 00000000 00:00 0 
7f723cb0c000-7f723cba7000 ---p 00000000 00:00 0 
7f723cba7000-7f723cbcb000 rw-p 00000000 00:00 0 
7f723cbcb000-7f723cbfb000 ---p 00000000 00:00 0 
7f723cbfb000-7f723cc06000 rw-p 00000000 00:00 0 
7f723cc06000-7f723cfbc000 ---p 00000000 00:00 0 
7f723cfbc000-7f723d22c000 rwxp 00000000 00:00 0 
7f723d22c000-7f724bfbc000 ---p 00000000 00:00 0 
7f724bfbc000-7f724bfbf000 r--p 00000000 08:01 1185832                    /lib/x86_64-linux-gnu/libnss_files-2.28.so
7f724bfbf000-7f724bfc6000 r-xp 00003000 08:01 1185832                    /lib/x86_64-linux-gnu/libnss_files-2.28.so
7f724bfc6000-7f724bfc9000 r--p 0000a000 08:01 1185832                    /lib/x86_64-linux-gnu/libnss_files-2.28.so
7f724bfc9000-7f724bfca000 r--p 0000c000 08:01 1185832                    /lib/x86_64-linux-gnu/libnss_files-2.28.so
7f724bfca000-7f724bfcb000 rw-p 0000d000 08:01 1185832                    /lib/x86_64-linux-gnu/libnss_files-2.28.so
7f724bfcb000-7f724bfd1000 rw-p 00000000 00:00 0 
7f724bfd1000-7f724bfde000 r--p 00000000 08:01 942090                     /usr/lib/jvm/java-8-openjdk-amd64/jre/lib/amd64/libjava.so
7f724bfde000-7f724bff6000 r-xp 0000d000 08:01 942090                     /usr/lib/jvm/java-8-openjdk-amd64/jre/lib/amd64/libjava.so
7f724bff6000-7f724bffd000 r--p 00025000 08:01 942090                     /usr/lib/jvm/java-8-openjdk-amd64/jre/lib/amd64/libjava.so
7f724bffd000-7f724bffe000 r--p 0002b000 08:01 942090                     /usr/lib/jvm/java-8-openjdk-amd64/jre/lib/amd64/libjava.so
7f724bffe000-7f724c000000 rw-p 0002c000 08:01 942090                     /usr/lib/jvm/java-8-openjdk-amd64/jre/lib/amd64/libjava.so
7f724c000000-7f724c165000 rw-p 00000000 00:00 0 
7f724c165000-7f7250000000 ---p 00000000 00:00 0 
7f7250001000-7f7250002000 r--s 00010000 08:01 942133                     /usr/lib/jvm/java-8-openjdk-amd64/jre/lib/ext/zipfs.jar
7f7250002000-7f7250003000 r--s 0000a000 08:01 942127                     /usr/lib/jvm/java-8-openjdk-amd64/jre/lib/ext/jaccess.jar
7f7250003000-7f7250005000 r--s 00008000 08:01 942130                     /usr/lib/jvm/java-8-openjdk-amd64/jre/lib/ext/sunec.jar
7f7250005000-7f7250008000 r--s 0000f000 08:01 942126                     /usr/lib/jvm/java-8-openjdk-amd64/jre/lib/ext/icedtea-sound.jar
7f7250008000-7f725000b000 r--p 00000000 08:01 942113                     /usr/lib/jvm/java-8-openjdk-amd64/jre/lib/amd64/libzip.so
7f725000b000-7f725000f000 r-xp 00003000 08:01 942113                     /usr/lib/jvm/java-8-openjdk-amd64/jre/lib/amd64/libzip.so
7f725000f000-7f7250011000 r--p 00007000 08:01 942113                     /usr/lib/jvm/java-8-openjdk-amd64/jre/lib/amd64/libzip.so
7f7250011000-7f7250012000 r--p 00008000 08:01 942113                     /usr/lib/jvm/java-8-openjdk-amd64/jre/lib/amd64/libzip.so
7f7250012000-7f7250013000 rw-p 00009000 08:01 942113                     /usr/lib/jvm/java-8-openjdk-amd64/jre/lib/amd64/libzip.so
7f7250013000-7f725001b000 rw-s 00000000 08:01 789555                     /tmp/hsperfdata_pietro99/30786
7f725001b000-7f725001c000 rw-p 00000000 00:00 0 
7f725001c000-7f725001d000 ---p 00000000 00:00 0 
7f725001d000-7f725001f000 r--p 00000000 08:01 1185882                    /lib/x86_64-linux-gnu/librt-2.28.so
7f725001f000-7f7250023000 r-xp 00002000 08:01 1185882                    /lib/x86_64-linux-gnu/librt-2.28.so
7f7250023000-7f7250025000 r--p 00006000 08:01 1185882                    /lib/x86_64-linux-gnu/librt-2.28.so
7f7250025000-7f7250026000 r--p 00007000 08:01 1185882                    /lib/x86_64-linux-gnu/librt-2.28.so
7f7250026000-7f7250027000 rw-p 00008000 08:01 1185882                    /lib/x86_64-linux-gnu/librt-2.28.so
7f7250027000-7f7250028000 ---p 00000000 00:00 0 
7f7250028000-7f725002b000 ---p 00000000 00:00 0 
7f725002b000-7f7250128000 rw-p 00000000 00:00 0 
7f7250128000-7f725012b000 r--p 00000000 08:01 1185779                    /lib/x86_64-linux-gnu/libgcc_s.so.1
7f725012b000-7f725013c000 r-xp 00003000 08:01 1185779                    /lib/x86_64-linux-gnu/libgcc_s.so.1
7f725013c000-7f725013f000 r--p 00014000 08:01 1185779                    /lib/x86_64-linux-gnu/libgcc_s.so.1
7f725013f000-7f7250140000 ---p 00017000 08:01 1185779                    /lib/x86_64-linux-gnu/libgcc_s.so.1
7f7250140000-7f7250141000 r--p 00017000 08:01 1185779                    /lib/x86_64-linux-gnu/libgcc_s.so.1
7f7250141000-7f7250142000 rw-p 00018000 08:01 1185779                    /lib/x86_64-linux-gnu/libgcc_s.so.1
7f7250142000-7f725014f000 r--p 00000000 08:01 1185805                    /lib/x86_64-linux-gnu/libm-2.28.so
7f725014f000-7f72501fa000 r-xp 0000d000 08:01 1185805                    /lib/x86_64-linux-gnu/libm-2.28.so
7f72501fa000-7f72502cd000 r--p 000b8000 08:01 1185805                    /lib/x86_64-linux-gnu/libm-2.28.so
7f72502cd000-7f72502ce000 r--p 0018a000 08:01 1185805                    /lib/x86_64-linux-gnu/libm-2.28.so
7f72502ce000-7f72502cf000 rw-p 0018b000 08:01 1185805                    /lib/x86_64-linux-gnu/libm-2.28.so
7f72502cf000-7f7250358000 r--p 00000000 08:01 928464                     /usr/lib/x86_64-linux-gnu/libstdc++.so.6.0.25
7f7250358000-7f725040b000 r-xp 00089000 08:01 928464                     /usr/lib/x86_64-linux-gnu/libstdc++.so.6.0.25
7f725040b000-7f7250449000 r--p 0013c000 08:01 928464                     /usr/lib/x86_64-linux-gnu/libstdc++.so.6.0.25
7f7250449000-7f7250453000 r--p 00179000 08:01 928464                     /usr/lib/x86_64-linux-gnu/libstdc++.so.6.0.25
7f7250453000-7f7250455000 rw-p 00183000 08:01 928464                     /usr/lib/x86_64-linux-gnu/libstdc++.so.6.0.25
7f7250455000-7f7250459000 rw-p 00000000 00:00 0 
7f7250459000-7f7250648000 r--p 00000000 08:01 942115                     /usr/lib/jvm/java-8-openjdk-amd64/jre/lib/amd64/server/libjvm.so
7f7250648000-7f7250e94000 r-xp 001ef000 08:01 942115                     /usr/lib/jvm/java-8-openjdk-amd64/jre/lib/amd64/server/libjvm.so
7f7250e94000-7f7251032000 r--p 00a3b000 08:01 942115                     /usr/lib/jvm/java-8-openjdk-amd64/jre/lib/amd64/server/libjvm.so
7f7251032000-7f72510c6000 r--p 00bd8000 08:01 942115                     /usr/lib/jvm/java-8-openjdk-amd64/jre/lib/amd64/server/libjvm.so
7f72510c6000-7f72510ef000 rw-p 00c6c000 08:01 942115                     /usr/lib/jvm/java-8-openjdk-amd64/jre/lib/amd64/server/libjvm.so
7f72510ef000-7f7251121000 rw-p 00000000 00:00 0 
7f7251121000-7f7251127000 r--p 00000000 08:01 1185874                    /lib/x86_64-linux-gnu/libpthread-2.28.so
7f7251127000-7f7251136000 r-xp 00006000 08:01 1185874                    /lib/x86_64-linux-gnu/libpthread-2.28.so
7f7251136000-7f725113c000 r--p 00015000 08:01 1185874                    /lib/x86_64-linux-gnu/libpthread-2.28.so
7f725113c000-7f725113d000 r--p 0001a000 08:01 1185874                    /lib/x86_64-linux-gnu/libpthread-2.28.so
7f725113d000-7f725113e000 rw-p 0001b000 08:01 1185874                    /lib/x86_64-linux-gnu/libpthread-2.28.so
7f725113e000-7f7251142000 rw-p 00000000 00:00 0 
7f7251142000-7f7251143000 r--p 00000000 08:01 1185765                    /lib/x86_64-linux-gnu/libdl-2.28.so
7f7251143000-7f7251145000 r-xp 00001000 08:01 1185765                    /lib/x86_64-linux-gnu/libdl-2.28.so
7f7251145000-7f7251146000 r--p 00003000 08:01 1185765                    /lib/x86_64-linux-gnu/libdl-2.28.so
7f7251146000-7f7251147000 r--p 00003000 08:01 1185765                    /lib/x86_64-linux-gnu/libdl-2.28.so
7f7251147000-7f7251148000 rw-p 00004000 08:01 1185765                    /lib/x86_64-linux-gnu/libdl-2.28.so
7f7251148000-7f7251164000 r-xp 00000000 08:01 1185913                    /lib/x86_64-linux-gnu/libz.so.1.2.11
7f7251164000-7f7251363000 ---p 0001c000 08:01 1185913                    /lib/x86_64-linux-gnu/libz.so.1.2.11
7f7251363000-7f7251364000 r--p 0001b000 08:01 1185913                    /lib/x86_64-linux-gnu/libz.so.1.2.11
7f7251364000-7f7251365000 rw-p 0001c000 08:01 1185913                    /lib/x86_64-linux-gnu/libz.so.1.2.11
7f7251365000-7f7251387000 r--p 00000000 08:01 1185744                    /lib/x86_64-linux-gnu/libc-2.28.so
7f7251387000-7f72514f8000 r-xp 00022000 08:01 1185744                    /lib/x86_64-linux-gnu/libc-2.28.so
7f72514f8000-7f7251544000 r--p 00193000 08:01 1185744                    /lib/x86_64-linux-gnu/libc-2.28.so
7f7251544000-7f7251545000 ---p 001df000 08:01 1185744                    /lib/x86_64-linux-gnu/libc-2.28.so
7f7251545000-7f7251549000 r--p 001df000 08:01 1185744                    /lib/x86_64-linux-gnu/libc-2.28.so
7f7251549000-7f725154b000 rw-p 001e3000 08:01 1185744                    /lib/x86_64-linux-gnu/libc-2.28.so
7f725154b000-7f725154f000 rw-p 00000000 00:00 0 
7f725154f000-7f7251554000 r--p 00000000 08:01 942112                     /usr/lib/jvm/java-8-openjdk-amd64/jre/lib/amd64/libverify.so
7f7251554000-7f725155d000 r-xp 00005000 08:01 942112                     /usr/lib/jvm/java-8-openjdk-amd64/jre/lib/amd64/libverify.so
7f725155d000-7f725155f000 r--p 0000e000 08:01 942112                     /usr/lib/jvm/java-8-openjdk-amd64/jre/lib/amd64/libverify.so
7f725155f000-7f7251561000 r--p 0000f000 08:01 942112                     /usr/lib/jvm/java-8-openjdk-amd64/jre/lib/amd64/libverify.so
7f7251561000-7f7251562000 rw-p 00011000 08:01 942112                     /usr/lib/jvm/java-8-openjdk-amd64/jre/lib/amd64/libverify.so
7f7251562000-7f7251564000 r--p 00000000 08:01 942073                     /usr/lib/jvm/java-8-openjdk-amd64/jre/lib/amd64/jli/libjli.so
7f7251564000-7f725156d000 r-xp 00002000 08:01 942073                     /usr/lib/jvm/java-8-openjdk-amd64/jre/lib/amd64/jli/libjli.so
7f725156d000-7f7251570000 r--p 0000b000 08:01 942073                     /usr/lib/jvm/java-8-openjdk-amd64/jre/lib/amd64/jli/libjli.so
7f7251570000-7f7251571000 r--p 0000d000 08:01 942073                     /usr/lib/jvm/java-8-openjdk-amd64/jre/lib/amd64/jli/libjli.so
7f7251571000-7f7251572000 rw-p 0000e000 08:01 942073                     /usr/lib/jvm/java-8-openjdk-amd64/jre/lib/amd64/jli/libjli.so
7f7251572000-7f7251574000 rw-p 00000000 00:00 0 
7f7251574000-7f7251575000 r--p 00000000 08:01 1185718                    /lib/x86_64-linux-gnu/ld-2.28.so
7f7251575000-7f7251595000 r-xp 00001000 08:01 1185718                    /lib/x86_64-linux-gnu/ld-2.28.so
7f7251595000-7f725159d000 r--p 00021000 08:01 1185718                    /lib/x86_64-linux-gnu/ld-2.28.so
7f725159d000-7f725159e000 r--p 00028000 08:01 1185718                    /lib/x86_64-linux-gnu/ld-2.28.so
7f725159e000-7f725159f000 rw-p 00029000 08:01 1185718                    /lib/x86_64-linux-gnu/ld-2.28.so
7f725159f000-7f72515a0000 rw-p 00000000 00:00 0 
7ffdcc66e000-7ffdcc68f000 rw-p 00000000 00:00 0                          [stack]
7ffdcc7d9000-7ffdcc7dc000 r--p 00000000 00:00 0                          [vvar]
7ffdcc7dc000-7ffdcc7de000 r-xp 00000000 00:00 0                          [vdso]
ffffffffff600000-ffffffffff601000 r-xp 00000000 00:00 0                  [vsyscall]

VM Arguments:
java_command: Client localhost 7777
java_class_path (initial): .
Launcher Type: SUN_STANDARD

Environment Variables:
PATH=/usr/local/sbin:/usr/local/bin:/usr/sbin:/usr/bin:/sbin:/bin:/usr/games:/usr/local/games:/snap/bin
USERNAME=pietro99
SHELL=/bin/bash
DISPLAY=:0

Signal Handlers:
SIGSEGV: [libjvm.so+0xa1a820], sa_mask[0]=11111111011111111101111111111110, sa_flags=SA_RESTART|SA_SIGINFO
SIGBUS: [libjvm.so+0xa1a820], sa_mask[0]=11111111011111111101111111111110, sa_flags=SA_RESTART|SA_SIGINFO
SIGFPE: [libjvm.so+0x87b4b0], sa_mask[0]=11111111011111111101111111111110, sa_flags=SA_RESTART|SA_SIGINFO
SIGPIPE: [libjvm.so+0x87b4b0], sa_mask[0]=11111111011111111101111111111110, sa_flags=SA_RESTART|SA_SIGINFO
SIGXFSZ: [libjvm.so+0x87b4b0], sa_mask[0]=11111111011111111101111111111110, sa_flags=SA_RESTART|SA_SIGINFO
SIGILL: [libjvm.so+0x87b4b0], sa_mask[0]=11111111011111111101111111111110, sa_flags=SA_RESTART|SA_SIGINFO
SIGUSR1: SIG_DFL, sa_mask[0]=00000000000000000000000000000000, sa_flags=none
SIGUSR2: [libjvm.so+0x87b350], sa_mask[0]=00000000000000000000000000000000, sa_flags=SA_RESTART|SA_SIGINFO
SIGHUP: [libjvm.so+0x87b730], sa_mask[0]=11111111011111111101111111111110, sa_flags=SA_RESTART|SA_SIGINFO
SIGINT: [libjvm.so+0x87b730], sa_mask[0]=11111111011111111101111111111110, sa_flags=SA_RESTART|SA_SIGINFO
SIGTERM: [libjvm.so+0x87b730], sa_mask[0]=11111111011111111101111111111110, sa_flags=SA_RESTART|SA_SIGINFO
SIGQUIT: [libjvm.so+0x87b730], sa_mask[0]=11111111011111111101111111111110, sa_flags=SA_RESTART|SA_SIGINFO


---------------  S Y S T E M  ---------------

OS:DISTRIB_ID=Ubuntu
DISTRIB_RELEASE=18.10
DISTRIB_CODENAME=cosmic
DISTRIB_DESCRIPTION="Ubuntu 18.10"

uname:Linux 4.18.0-17-generic #18-Ubuntu SMP Wed Mar 13 14:34:40 UTC 2019 x86_64
libc:glibc 2.28 NPTL 2.28 
rlimit: STACK 8192k, CORE 0k, NPROC 7794, NOFILE 4096, AS infinity
load average:2,15 1,07 0,80

/proc/meminfo:
MemTotal:        2040940 kB
MemFree:           54268 kB
MemAvailable:       4532 kB
Buffers:            1224 kB
Cached:            47676 kB
SwapCached:        11992 kB
Active:          1230980 kB
Inactive:         493232 kB
Active(anon):    1225712 kB
Inactive(anon):   483948 kB
Active(file):       5268 kB
Inactive(file):     9284 kB
Unevictable:          64 kB
Mlocked:              64 kB
SwapTotal:        969960 kB
SwapFree:              0 kB
Dirty:                48 kB
Writeback:            12 kB
AnonPages:       1663656 kB
Mapped:            31272 kB
Shmem:             34220 kB
Slab:             118564 kB
SReclaimable:      36548 kB
SUnreclaim:        82016 kB
KernelStack:       11616 kB
PageTables:        28528 kB
NFS_Unstable:          0 kB
Bounce:                0 kB
WritebackTmp:          0 kB
CommitLimit:     1990428 kB
Committed_AS:    6657264 kB
VmallocTotal:   34359738367 kB
VmallocUsed:           0 kB
VmallocChunk:          0 kB
HardwareCorrupted:     0 kB
AnonHugePages:         0 kB
ShmemHugePages:        0 kB
ShmemPmdMapped:        0 kB
CmaTotal:              0 kB
CmaFree:               0 kB
HugePages_Total:       0
HugePages_Free:        0
HugePages_Rsvd:        0
HugePages_Surp:        0
Hugepagesize:       2048 kB
Hugetlb:               0 kB
DirectMap4k:      227264 kB
DirectMap2M:     1869824 kB

container (cgroup) information:
container_type: cgroupv1
cpu_cpuset_cpus: 0-1
cpu_memory_nodes: 0
active_processor_count: 2
cpu_quota: -1
cpu_period: 100000
cpu_shares: -1
memory_limit_in_bytes: -1
memory_and_swap_limit_in_bytes: -2
memory_soft_limit_in_bytes: -1
memory_usage_in_bytes: 193667072
memory_max_usage_in_bytes: 809074688


CPU:total 2 (initial active 2) (2 cores per cpu, 1 threads per core) family 6 model 60 stepping 3, cmov, cx8, fxsr, mmx, sse, sse2, sse3, ssse3, sse4.1, sse4.2, popcnt, avx, avx2, aes, clmul, lzcnt, tsc, tscinvbit

/proc/cpuinfo:
processor	: 0
vendor_id	: GenuineIntel
cpu family	: 6
model		: 60
model name	: Intel(R) Core(TM) i7-4700MQ CPU @ 2.40GHz
stepping	: 3
cpu MHz		: 2394.462
cache size	: 6144 KB
physical id	: 0
siblings	: 2
core id		: 0
cpu cores	: 2
apicid		: 0
initial apicid	: 0
fpu		: yes
fpu_exception	: yes
cpuid level	: 13
wp		: yes
flags		: fpu vme de pse tsc msr pae mce cx8 apic sep mtrr pge mca cmov pat pse36 clflush mmx fxsr sse sse2 ht syscall nx rdtscp lm constant_tsc rep_good nopl xtopology nonstop_tsc cpuid tsc_known_freq pni pclmulqdq ssse3 cx16 pcid sse4_1 sse4_2 x2apic movbe popcnt aes xsave avx rdrand hypervisor lahf_lm abm invpcid_single pti fsgsbase avx2 invpcid flush_l1d
bugs		: cpu_meltdown spectre_v1 spectre_v2 spec_store_bypass l1tf
bogomips	: 4788.92
clflush size	: 64
cache_alignment	: 64
address sizes	: 39 bits physical, 48 bits virtual
power management:

processor	: 1
vendor_id	: GenuineIntel
cpu family	: 6
model		: 60
model name	: Intel(R) Core(TM) i7-4700MQ CPU @ 2.40GHz
stepping	: 3
cpu MHz		: 2394.462
cache size	: 6144 KB
physical id	: 0
siblings	: 2
core id		: 1
cpu cores	: 2
apicid		: 1
initial apicid	: 1
fpu		: yes
fpu_exception	: yes
cpuid level	: 13
wp		: yes
flags		: fpu vme de pse tsc msr pae mce cx8 apic sep mtrr pge mca cmov pat pse36 clflush mmx fxsr sse sse2 ht syscall nx rdtscp lm constant_tsc rep_good nopl xtopology nonstop_tsc cpuid tsc_known_freq pni pclmulqdq ssse3 cx16 pcid sse4_1 sse4_2 x2apic movbe popcnt aes xsave avx rdrand hypervisor lahf_lm abm invpcid_single pti fsgsbase avx2 invpcid flush_l1d
bugs		: cpu_meltdown spectre_v1 spectre_v2 spec_store_bypass l1tf
bogomips	: 4788.92
clflush size	: 64
cache_alignment	: 64
address sizes	: 39 bits physical, 48 bits virtual
power management:



Memory: 4k page, physical 2040940k(53648k free), swap 969960k(0k free)

vm_info: OpenJDK 64-Bit Server VM (25.212-b03) for linux-amd64 JRE (1.8.0_212-8u212-b03-0ubuntu1.18.10.1-b03), built on Apr 26 2019 01:04:36 by "buildd" with gcc 8.2.0

time: Fri Jun  7 22:52:19 2019
timezone: CEST
elapsed time: 2 seconds (0d 0h 0m 2s)

